0 info it worked if it ends with ok
1 verbose cli [ '/Users/davies/.nvm/versions/node/v7.7.1/bin/node',
1 verbose cli   '/Users/davies/.nvm/versions/node/v7.7.1/bin/npm',
1 verbose cli   'install',
1 verbose cli   'youtube-autocomplete-search-box',
1 verbose cli   '--save' ]
2 info using npm@4.1.2
3 info using node@v7.7.1
4 silly loadCurrentTree Starting
5 silly install loadCurrentTree
6 silly install readLocalPackageData
7 silly fetchPackageMetaData youtube-autocomplete-search-box
8 silly fetchNamedPackageData youtube-autocomplete-search-box
9 silly mapToRegistry name youtube-autocomplete-search-box
10 silly mapToRegistry using default registry
11 silly mapToRegistry registry https://registry.npmjs.org/
12 silly mapToRegistry data Result {
12 silly mapToRegistry   raw: 'youtube-autocomplete-search-box',
12 silly mapToRegistry   scope: null,
12 silly mapToRegistry   escapedName: 'youtube-autocomplete-search-box',
12 silly mapToRegistry   name: 'youtube-autocomplete-search-box',
12 silly mapToRegistry   rawSpec: '',
12 silly mapToRegistry   spec: 'latest',
12 silly mapToRegistry   type: 'tag' }
13 silly mapToRegistry uri https://registry.npmjs.org/youtube-autocomplete-search-box
14 verbose request uri https://registry.npmjs.org/youtube-autocomplete-search-box
15 verbose request no auth needed
16 info attempt registry request try #1 at 9:05:46 AM
17 verbose request id b6d2055f6071924f
18 verbose etag W/"56a548d2-2a2"
19 verbose lastModified Sun, 24 Jan 2016 21:57:38 GMT
20 http request GET https://registry.npmjs.org/youtube-autocomplete-search-box
21 http 304 https://registry.npmjs.org/youtube-autocomplete-search-box
22 verbose headers { date: 'Fri, 31 Mar 2017 16:04:58 GMT',
22 verbose headers   via: '1.1 varnish',
22 verbose headers   'cache-control': 'max-age=300',
22 verbose headers   etag: 'W/"56a548d2-2a2"',
22 verbose headers   age: '27',
22 verbose headers   connection: 'keep-alive',
22 verbose headers   'x-served-by': 'cache-sjc3144-SJC',
22 verbose headers   'x-cache': 'HIT',
22 verbose headers   'x-cache-hits': '1',
22 verbose headers   'x-timer': 'S1490976298.760916,VS0,VE0',
22 verbose headers   vary: 'Accept-Encoding' }
23 silly get cb [ 304,
23 silly get   { date: 'Fri, 31 Mar 2017 16:04:58 GMT',
23 silly get     via: '1.1 varnish',
23 silly get     'cache-control': 'max-age=300',
23 silly get     etag: 'W/"56a548d2-2a2"',
23 silly get     age: '27',
23 silly get     connection: 'keep-alive',
23 silly get     'x-served-by': 'cache-sjc3144-SJC',
23 silly get     'x-cache': 'HIT',
23 silly get     'x-cache-hits': '1',
23 silly get     'x-timer': 'S1490976298.760916,VS0,VE0',
23 silly get     vary: 'Accept-Encoding' } ]
24 verbose etag https://registry.npmjs.org/youtube-autocomplete-search-box from cache
25 verbose get saving youtube-autocomplete-search-box to /Users/davies/.npm/registry.npmjs.org/youtube-autocomplete-search-box/.cache.json
26 verbose correctMkdir /Users/davies/.npm correctMkdir not in flight; initializing
27 verbose stack TypeError: Cannot convert undefined or null to object
27 verbose stack     at Function.keys (<anonymous>)
27 verbose stack     at pickVersionFromRegistryDocument (/Users/davies/.nvm/versions/node/v7.7.1/lib/node_modules/npm/lib/fetch-package-metadata.js:126:29)
27 verbose stack     at /Users/davies/.nvm/versions/node/v7.7.1/lib/node_modules/npm/node_modules/iferr/index.js:13:50
27 verbose stack     at /Users/davies/.nvm/versions/node/v7.7.1/lib/node_modules/npm/lib/utils/pulse-till-done.js:20:8
27 verbose stack     at saved (/Users/davies/.nvm/versions/node/v7.7.1/lib/node_modules/npm/lib/cache/caching-client.js:174:7)
27 verbose stack     at /Users/davies/.nvm/versions/node/v7.7.1/lib/node_modules/npm/node_modules/graceful-fs/polyfills.js:261:18
27 verbose stack     at FSReqWrap.oncomplete (fs.js:114:15)
28 verbose cwd /Users/davies/MODERN_REACT_WITH_REDUX/react_youtube_viewer
29 error Darwin 15.6.0
30 error argv "/Users/davies/.nvm/versions/node/v7.7.1/bin/node" "/Users/davies/.nvm/versions/node/v7.7.1/bin/npm" "install" "youtube-autocomplete-search-box" "--save"
31 error node v7.7.1
32 error npm  v4.1.2
33 error Cannot convert undefined or null to object
34 error If you need help, you may report this error at:
34 error     <https://github.com/npm/npm/issues>
35 verbose exit [ 1, true ]
